<?xml version="1.0" encoding="UTF-8"?>
<!-- Generated by org.testng.reporters.JUnitReportReporter -->
<testsuite hostname="LAPTOP-2S6J1TAD" failures="0" tests="1" name="ToolsQA.APITest" time="0.006" errors="0" timestamp="19 Feb 2021 03:54:19 GMT" skipped="0">
  <testcase classname="ToolsQA.APITest" name="rest" time="0.006"/>
</testsuite> <!-- ToolsQA.APITest -->
